<?xml version="1.0" encoding="UTF-8"?>
<!-- Generated by org.testng.reporters.JUnitReportReporter -->
<testsuite hostname="HossainXPS8960" failures="0" tests="2" name="com.bangladesh.TestRunner.TestRunner_BD" time="3.858" errors="0" timestamp="2024-11-12T10:00:35 EST" skipped="0">
  <testcase classname="com.bangladesh.TestRunner.TestRunner_BD" name="runScenario" time="0.569"/>
  <testcase classname="com.bangladesh.TestRunner.TestRunner_BD" name="runScenario" time="3.289"/>
</testsuite> <!-- com.bangladesh.TestRunner.TestRunner_BD -->
