<?xml version="1.0" encoding="UTF-8"?>
<!-- Generated by org.testng.reporters.JUnitReportReporter -->
<testsuite hostname="MITHU" failures="0" tests="1" name="com.bangladesh.TestRunner.TestRunner_BD" time="9.619" errors="0" timestamp="2021-08-03T11:53:54 EDT" skipped="0">
  <testcase classname="com.bangladesh.TestRunner.TestRunner_BD" name="feature" time="9.619"/>
  <system-out/>
</testsuite> <!-- com.bangladesh.TestRunner.TestRunner_BD -->
